{"numFailedTestSuites":0,"numFailedTests":0,"numPassedTestSuites":4,"numPassedTests":12,"numPendingTestSuites":0,"numPendingTests":0,"numRuntimeErrorTestSuites":0,"numTodoTests":0,"numTotalTestSuites":4,"numTotalTests":12,"openHandles":[],"snapshot":{"added":0,"didUpdate":false,"failure":false,"filesAdded":0,"filesRemoved":0,"filesRemovedList":[],"filesUnmatched":0,"filesUpdated":0,"matched":0,"total":0,"unchecked":0,"uncheckedKeysByFile":[],"unmatched":0,"updated":0},"startTime":1570134385767,"success":true,"testResults":[{"assertionResults":[{"ancestorTitles":["<Search />"],"failureMessages":[],"fullName":"<Search /> should render correctly","location":null,"status":"passed","title":"should render correctly"},{"ancestorTitles":["<Search />"],"failureMessages":[],"fullName":"<Search /> should call passed callback on keyUp event","location":null,"status":"passed","title":"should call passed callback on keyUp event"},{"ancestorTitles":["<Search />","with defaultValue"],"failureMessages":[],"fullName":"<Search /> with defaultValue should render with an initial value","location":null,"status":"passed","title":"should render with an initial value"}],"endTime":1570134388961,"message":"","name":"/media/chalarangelo/git_repos/30-seconds-web/src/atoms/search/search.test.jsx","startTime":1570134386853,"status":"passed","summary":""},{"assertionResults":[{"ancestorTitles":["<CopyButton />"],"failureMessages":[],"fullName":"<CopyButton /> should render correctly","location":null,"status":"passed","title":"should render correctly"},{"ancestorTitles":["<CopyButton />"],"failureMessages":[],"fullName":"<CopyButton /> should have an appropriate title attribute","location":null,"status":"passed","title":"should have an appropriate title attribute"},{"ancestorTitles":["<CopyButton />","when clicked"],"failureMessages":[],"fullName":"<CopyButton /> when clicked should call passed callback on click event","location":null,"status":"passed","title":"should call passed callback on click event"},{"ancestorTitles":["<CopyButton />","when clicked"],"failureMessages":[],"fullName":"<CopyButton /> when clicked should copy text to clipboard on click event","location":null,"status":"passed","title":"should copy text to clipboard on click event"}],"endTime":1570134389265,"message":"","name":"/media/chalarangelo/git_repos/30-seconds-web/src/atoms/copyButton/copyButton.test.jsx","startTime":1570134386853,"status":"passed","summary":""},{"assertionResults":[{"ancestorTitles":["<Button />"],"failureMessages":[],"fullName":"<Button /> should render correctly","location":null,"status":"passed","title":"should render correctly"},{"ancestorTitles":["<Button />"],"failureMessages":[],"fullName":"<Button /> should append passed classes","location":null,"status":"passed","title":"should append passed classes"},{"ancestorTitles":["<Button />"],"failureMessages":[],"fullName":"<Button /> should render passed children","location":null,"status":"passed","title":"should render passed children"}],"endTime":1570134389408,"message":"","name":"/media/chalarangelo/git_repos/30-seconds-web/src/atoms/button/button.test.jsx","startTime":1570134388998,"status":"passed","summary":""},{"assertionResults":[{"ancestorTitles":["<Expertise />"],"failureMessages":[],"fullName":"<Expertise /> should render correctly","location":null,"status":"passed","title":"should render correctly"},{"ancestorTitles":["<Expertise />"],"failureMessages":[],"fullName":"<Expertise /> should have an appropriate title attribute","location":null,"status":"passed","title":"should have an appropriate title attribute"}],"endTime":1570134389605,"message":"","name":"/media/chalarangelo/git_repos/30-seconds-web/src/atoms/expertise/expertise.test.jsx","startTime":1570134389284,"status":"passed","summary":""}],"wasInterrupted":false}