{"numFailedTestSuites":0,"numFailedTests":0,"numPassedTestSuites":1,"numPassedTests":2,"numPendingTestSuites":0,"numPendingTests":0,"numRuntimeErrorTestSuites":0,"numTodoTests":0,"numTotalTestSuites":1,"numTotalTests":2,"openHandles":[],"snapshot":{"added":0,"didUpdate":false,"failure":false,"filesAdded":0,"filesRemoved":0,"filesRemovedList":[],"filesUnmatched":0,"filesUpdated":0,"matched":0,"total":0,"unchecked":0,"uncheckedKeysByFile":[],"unmatched":0,"updated":0},"startTime":1569754304298,"success":true,"testResults":[{"assertionResults":[{"ancestorTitles":["<Expertise />"],"failureMessages":[],"fullName":"<Expertise /> should render correctly","location":null,"status":"passed","title":"should render correctly"},{"ancestorTitles":["<Expertise />"],"failureMessages":[],"fullName":"<Expertise /> should have an appropriate title attribute","location":null,"status":"passed","title":"should have an appropriate title attribute"}],"endTime":1569754307254,"message":"","name":"/media/chalarangelo/git_repos/30-seconds-web/src/atoms/button/expertise.test.jsx","startTime":1569754305538,"status":"passed","summary":""}],"wasInterrupted":false}